{"name": "OrangeHRM Login By Parametrized method Test Case", "status": "broken", "statusDetails": {"message": "selenium.common.exceptions.NoSuchElementException: Message: Unable to locate element: .oxd-userdropdown-tab; For documentation on this error, please visit: https://www.selenium.dev/documentation/webdriver/troubleshooting/errors#no-such-element-exception\nStacktrace:\nRemoteError@chrome://remote/content/shared/RemoteError.sys.mjs:8:8\nWebDriverError@chrome://remote/content/shared/webdriver/Errors.sys.mjs:187:5\nNoSuchElementError@chrome://remote/content/shared/webdriver/Errors.sys.mjs:505:5\ndom.find/</<@chrome://remote/content/shared/DOM.sys.mjs:132:16", "trace": "self = <testcases.test_orangehrm_login.Test_Orangehrm_Login object at 0x0000017F74C15050>\nsetup = <selenium.webdriver.firefox.webdriver.WebDriver (session=\"ccf1dedd-1e09-4f97-ae37-d7260a07c6bc\")>\nget_data_for_login = ('Admi', 'admin123')\n\n    @allure.severity(allure.severity_level.NORMAL)\n    @allure.link(\"https://opensource-demo.orangehrmlive.com/web/index.php/auth/login\")\n    @allure.title(\"OrangeHRM Login By Parametrized method Test Case\")\n    @allure.issue(\"ABC123\")\n    @allure.story(\"This is story\")\n    # @pytest.mark.only\n    def  test_orangehrm_login_parameterized(self,setup,get_data_for_login):\n        self.driver = setup\n        self.log.info(\"Open browser\")\n        self.olp = Orangehrm_Login(self.driver)\n        self.olp.Enter_Username(get_data_for_login[0])\n        self.log.info(f\"enter username: {get_data_for_login[0]}\")\n        self.olp.Enter_password(get_data_for_login[1])\n        self.log.info(f\"Enter password: {get_data_for_login[1]}\")\n        self.olp.Login_Button()\n        self.log.info(\"click login button\")\n        time.sleep(2)\n        allure.attach(self.driver.get_screenshot_as_png(), name=f\"{get_data_for_login[0]}_{get_data_for_login[1]}\",\n                      attachment_type=AttachmentType.PNG)\n>       self.olp.Menu()\n\ntestcases\\test_orangehrm_login.py:156: \n_ _ _ _ _ _ _ _ _ _ _ _ _ _ _ _ _ _ _ _ _ _ _ _ _ _ _ _ _ _ _ _ _ _ _ _ _ _ _ _\npageobjects\\orangehrm_page.py:40: in Menu\n    self.driver.find_element(*Orangehrm_Login.click_menu_css).click()\nC:\\Users\\Admin\\AppData\\Local\\Programs\\Python\\Python311\\Lib\\site-packages\\selenium\\webdriver\\remote\\webdriver.py:739: in find_element\n    return self.execute(Command.FIND_ELEMENT, {\"using\": by, \"value\": value})[\"value\"]\nC:\\Users\\Admin\\AppData\\Local\\Programs\\Python\\Python311\\Lib\\site-packages\\selenium\\webdriver\\remote\\webdriver.py:345: in execute\n    self.error_handler.check_response(response)\n_ _ _ _ _ _ _ _ _ _ _ _ _ _ _ _ _ _ _ _ _ _ _ _ _ _ _ _ _ _ _ _ _ _ _ _ _ _ _ _\n\nself = <selenium.webdriver.remote.errorhandler.ErrorHandler object at 0x0000017F74C175D0>\nresponse = {'status': 404, 'value': '{\"value\":{\"error\":\"no such element\",\"message\":\"Unable to locate element: .oxd-userdropdown-t.../content/shared/webdriver/Errors.sys.mjs:505:5\\\\ndom.find/</<@chrome://remote/content/shared/DOM.sys.mjs:132:16\\\\n\"}}'}\n\n    def check_response(self, response: Dict[str, Any]) -> None:\n        \"\"\"Checks that a JSON response from the WebDriver does not have an\n        error.\n    \n        :Args:\n         - response - The JSON response from the WebDriver server as a dictionary\n           object.\n    \n        :Raises: If the response contains an error message.\n        \"\"\"\n        status = response.get(\"status\", None)\n        if not status or status == ErrorCode.SUCCESS:\n            return\n        value = None\n        message = response.get(\"message\", \"\")\n        screen: str = response.get(\"screen\", \"\")\n        stacktrace = None\n        if isinstance(status, int):\n            value_json = response.get(\"value\", None)\n            if value_json and isinstance(value_json, str):\n                import json\n    \n                try:\n                    value = json.loads(value_json)\n                    if len(value) == 1:\n                        value = value[\"value\"]\n                    status = value.get(\"error\", None)\n                    if not status:\n                        status = value.get(\"status\", ErrorCode.UNKNOWN_ERROR)\n                        message = value.get(\"value\") or value.get(\"message\")\n                        if not isinstance(message, str):\n                            value = message\n                            message = message.get(\"message\")\n                    else:\n                        message = value.get(\"message\", None)\n                except ValueError:\n                    pass\n    \n        exception_class: Type[WebDriverException]\n        e = ErrorCode()\n        error_codes = [item for item in dir(e) if not item.startswith(\"__\")]\n        for error_code in error_codes:\n            error_info = getattr(ErrorCode, error_code)\n            if isinstance(error_info, list) and status in error_info:\n                exception_class = getattr(ExceptionMapping, error_code, WebDriverException)\n                break\n        else:\n            exception_class = WebDriverException\n    \n        if not value:\n            value = response[\"value\"]\n        if isinstance(value, str):\n            raise exception_class(value)\n        if message == \"\" and \"message\" in value:\n            message = value[\"message\"]\n    \n        screen = None  # type: ignore[assignment]\n        if \"screen\" in value:\n            screen = value[\"screen\"]\n    \n        stacktrace = None\n        st_value = value.get(\"stackTrace\") or value.get(\"stacktrace\")\n        if st_value:\n            if isinstance(st_value, str):\n                stacktrace = st_value.split(\"\\n\")\n            else:\n                stacktrace = []\n                try:\n                    for frame in st_value:\n                        line = frame.get(\"lineNumber\", \"\")\n                        file = frame.get(\"fileName\", \"<anonymous>\")\n                        if line:\n                            file = f\"{file}:{line}\"\n                        meth = frame.get(\"methodName\", \"<anonymous>\")\n                        if \"className\" in frame:\n                            meth = f\"{frame['className']}.{meth}\"\n                        msg = \"    at %s (%s)\"\n                        msg = msg % (meth, file)\n                        stacktrace.append(msg)\n                except TypeError:\n                    pass\n        if exception_class == UnexpectedAlertPresentException:\n            alert_text = None\n            if \"data\" in value:\n                alert_text = value[\"data\"].get(\"text\")\n            elif \"alert\" in value:\n                alert_text = value[\"alert\"].get(\"text\")\n            raise exception_class(message, screen, stacktrace, alert_text)  # type: ignore[call-arg]  # mypy is not smart enough here\n>       raise exception_class(message, screen, stacktrace)\nE       selenium.common.exceptions.NoSuchElementException: Message: Unable to locate element: .oxd-userdropdown-tab; For documentation on this error, please visit: https://www.selenium.dev/documentation/webdriver/troubleshooting/errors#no-such-element-exception\nE       Stacktrace:\nE       RemoteError@chrome://remote/content/shared/RemoteError.sys.mjs:8:8\nE       WebDriverError@chrome://remote/content/shared/webdriver/Errors.sys.mjs:187:5\nE       NoSuchElementError@chrome://remote/content/shared/webdriver/Errors.sys.mjs:505:5\nE       dom.find/</<@chrome://remote/content/shared/DOM.sys.mjs:132:16\n\nC:\\Users\\Admin\\AppData\\Local\\Programs\\Python\\Python311\\Lib\\site-packages\\selenium\\webdriver\\remote\\errorhandler.py:229: NoSuchElementException"}, "attachments": [{"name": "Admi_admin123", "source": "310d14c7-5968-43ae-924e-23318e809a6c-attachment.png", "type": "image/png"}, {"name": "log", "source": "4542a6be-7f3f-41e6-b819-4b17e9fed7c5-attachment.txt", "type": "text/plain"}], "parameters": [{"name": "get_data_for_login", "value": "('Admi', 'admin123')"}], "start": 1691679636608, "stop": 1691679652501, "uuid": "b16a58e0-e121-446d-8ebc-b817e7ac8bf0", "historyId": "10a1a558ac3e76fa24f642ece5bb8d47", "testCaseId": "4aba9617ff3d278a3bdf98d11ffff4d1", "fullName": "testcases.test_orangehrm_login.Test_Orangehrm_Login#test_orangehrm_login_parameterized", "labels": [{"name": "story", "value": "This is story"}, {"name": "severity", "value": "normal"}, {"name": "parentSuite", "value": "testcases"}, {"name": "suite", "value": "test_orangehrm_login"}, {"name": "subSuite", "value": "Test_Orangehrm_Login"}, {"name": "host", "value": "DESKTOP-3IIDO4U"}, {"name": "thread", "value": "4052-MainThread"}, {"name": "framework", "value": "pytest"}, {"name": "language", "value": "cpython3"}, {"name": "package", "value": "testcases.test_orangehrm_login"}], "links": [{"type": "issue", "url": "ABC123", "name": "ABC123"}, {"type": "link", "url": "https://opensource-demo.orangehrmlive.com/web/index.php/auth/login", "name": "https://opensource-demo.orangehrmlive.com/web/index.php/auth/login"}]}