{"name": "test_orangehrm_login_02", "status": "broken", "statusDetails": {"message": "selenium.common.exceptions.NoSuchElementException: Message: Unable to locate element: //a[normalize-space()='Logout']; For documentation on this error, please visit: https://www.selenium.dev/documentation/webdriver/troubleshooting/errors#no-such-element-exception\nStacktrace:\nRemoteError@chrome://remote/content/shared/RemoteError.sys.mjs:8:8\nWebDriverError@chrome://remote/content/shared/webdriver/Errors.sys.mjs:187:5\nNoSuchElementError@chrome://remote/content/shared/webdriver/Errors.sys.mjs:505:5\ndom.find/</<@chrome://remote/content/shared/DOM.sys.mjs:132:16", "trace": "self = <testcases.test_orangehrm_login.Test_Orangehrm_Login object at 0x000001ACAD448050>\nsetup = <selenium.webdriver.firefox.webdriver.WebDriver (session=\"d41a1389-3ffa-4f51-a204-a42b700583aa\")>\n\n    def test_orangehrm_login_02(self, setup):\n        self.driver = setup\n        self.log.info(\"Opening browser\\n\")\n        self.olp = Orangehrm_Login(self.driver)\n        self.row = xlutils_orangehrm.RowCount(self.fpath, \"Sheet1\")\n        exp_result_list = []\n        for r in range(2, self.row + 1):\n            self.username = xlutils_orangehrm.ReadData(self.fpath, \"Sheet1\", r, 2)\n            self.password = xlutils_orangehrm.ReadData(self.fpath, \"Sheet1\", r, 3)\n            self.exp_result = xlutils_orangehrm.ReadData(self.fpath, \"Sheet1\", r, 4)\n            self.olp.Enter_Username(self.username)\n            self.log.info(f\"enter username: {self.username}\")\n            self.olp.Enter_password(self.password)\n            self.log.info(f\"Enter password: {self.password}\")\n            self.olp.Login_Button()\n            self.log.info(\"click login button\")\n            if self.olp.Login_Status() == True:\n                if self.exp_result == 'pass':\n                    exp_result_list.append(\"pass\")\n                    self.log.info(\"case is passed\")\n                    xlutils_orangehrm.WriteData(self.fpath, \"Sheet1\", r, 5, 'pass')\n                    self.driver.save_screenshot(f\".\\\\screenshots\\\\{self.username}_{self.password}.PNG\")\n                    allure.attach(self.driver.get_screenshot_as_png(), name=f\"{self.username}_{self.password}\",\n                                  attachment_type=AttachmentType.PNG)\n                    self.olp.Menu()\n                    self.log.info(\"Click on menu button\")\n>                   self.olp.SignOut()\n\ntestcases\\test_orangehrm_login.py:72: \n_ _ _ _ _ _ _ _ _ _ _ _ _ _ _ _ _ _ _ _ _ _ _ _ _ _ _ _ _ _ _ _ _ _ _ _ _ _ _ _\npageobjects\\orangehrm_page.py:45: in SignOut\n    self.driver.find_element(*Orangehrm_Login.click_signout_XPATH).click()\nC:\\Users\\Admin\\AppData\\Local\\Programs\\Python\\Python311\\Lib\\site-packages\\selenium\\webdriver\\remote\\webdriver.py:739: in find_element\n    return self.execute(Command.FIND_ELEMENT, {\"using\": by, \"value\": value})[\"value\"]\nC:\\Users\\Admin\\AppData\\Local\\Programs\\Python\\Python311\\Lib\\site-packages\\selenium\\webdriver\\remote\\webdriver.py:345: in execute\n    self.error_handler.check_response(response)\n_ _ _ _ _ _ _ _ _ _ _ _ _ _ _ _ _ _ _ _ _ _ _ _ _ _ _ _ _ _ _ _ _ _ _ _ _ _ _ _\n\nself = <selenium.webdriver.remote.errorhandler.ErrorHandler object at 0x000001ACAD451BD0>\nresponse = {'status': 404, 'value': '{\"value\":{\"error\":\"no such element\",\"message\":\"Unable to locate element: //a[normalize-space.../content/shared/webdriver/Errors.sys.mjs:505:5\\\\ndom.find/</<@chrome://remote/content/shared/DOM.sys.mjs:132:16\\\\n\"}}'}\n\n    def check_response(self, response: Dict[str, Any]) -> None:\n        \"\"\"Checks that a JSON response from the WebDriver does not have an\n        error.\n    \n        :Args:\n         - response - The JSON response from the WebDriver server as a dictionary\n           object.\n    \n        :Raises: If the response contains an error message.\n        \"\"\"\n        status = response.get(\"status\", None)\n        if not status or status == ErrorCode.SUCCESS:\n            return\n        value = None\n        message = response.get(\"message\", \"\")\n        screen: str = response.get(\"screen\", \"\")\n        stacktrace = None\n        if isinstance(status, int):\n            value_json = response.get(\"value\", None)\n            if value_json and isinstance(value_json, str):\n                import json\n    \n                try:\n                    value = json.loads(value_json)\n                    if len(value) == 1:\n                        value = value[\"value\"]\n                    status = value.get(\"error\", None)\n                    if not status:\n                        status = value.get(\"status\", ErrorCode.UNKNOWN_ERROR)\n                        message = value.get(\"value\") or value.get(\"message\")\n                        if not isinstance(message, str):\n                            value = message\n                            message = message.get(\"message\")\n                    else:\n                        message = value.get(\"message\", None)\n                except ValueError:\n                    pass\n    \n        exception_class: Type[WebDriverException]\n        e = ErrorCode()\n        error_codes = [item for item in dir(e) if not item.startswith(\"__\")]\n        for error_code in error_codes:\n            error_info = getattr(ErrorCode, error_code)\n            if isinstance(error_info, list) and status in error_info:\n                exception_class = getattr(ExceptionMapping, error_code, WebDriverException)\n                break\n        else:\n            exception_class = WebDriverException\n    \n        if not value:\n            value = response[\"value\"]\n        if isinstance(value, str):\n            raise exception_class(value)\n        if message == \"\" and \"message\" in value:\n            message = value[\"message\"]\n    \n        screen = None  # type: ignore[assignment]\n        if \"screen\" in value:\n            screen = value[\"screen\"]\n    \n        stacktrace = None\n        st_value = value.get(\"stackTrace\") or value.get(\"stacktrace\")\n        if st_value:\n            if isinstance(st_value, str):\n                stacktrace = st_value.split(\"\\n\")\n            else:\n                stacktrace = []\n                try:\n                    for frame in st_value:\n                        line = frame.get(\"lineNumber\", \"\")\n                        file = frame.get(\"fileName\", \"<anonymous>\")\n                        if line:\n                            file = f\"{file}:{line}\"\n                        meth = frame.get(\"methodName\", \"<anonymous>\")\n                        if \"className\" in frame:\n                            meth = f\"{frame['className']}.{meth}\"\n                        msg = \"    at %s (%s)\"\n                        msg = msg % (meth, file)\n                        stacktrace.append(msg)\n                except TypeError:\n                    pass\n        if exception_class == UnexpectedAlertPresentException:\n            alert_text = None\n            if \"data\" in value:\n                alert_text = value[\"data\"].get(\"text\")\n            elif \"alert\" in value:\n                alert_text = value[\"alert\"].get(\"text\")\n            raise exception_class(message, screen, stacktrace, alert_text)  # type: ignore[call-arg]  # mypy is not smart enough here\n>       raise exception_class(message, screen, stacktrace)\nE       selenium.common.exceptions.NoSuchElementException: Message: Unable to locate element: //a[normalize-space()='Logout']; For documentation on this error, please visit: https://www.selenium.dev/documentation/webdriver/troubleshooting/errors#no-such-element-exception\nE       Stacktrace:\nE       RemoteError@chrome://remote/content/shared/RemoteError.sys.mjs:8:8\nE       WebDriverError@chrome://remote/content/shared/webdriver/Errors.sys.mjs:187:5\nE       NoSuchElementError@chrome://remote/content/shared/webdriver/Errors.sys.mjs:505:5\nE       dom.find/</<@chrome://remote/content/shared/DOM.sys.mjs:132:16\n\nC:\\Users\\Admin\\AppData\\Local\\Programs\\Python\\Python311\\Lib\\site-packages\\selenium\\webdriver\\remote\\errorhandler.py:229: NoSuchElementException"}, "attachments": [{"name": "Admin123_admin123", "source": "886897f4-813a-4353-92bc-a569f99da8a1-attachment.png", "type": "image/png"}, {"name": "Admi_admin123", "source": "65bebd2a-11fb-4219-847d-a8c32dec2439-attachment.png", "type": "image/png"}, {"name": "Admino_admin12345", "source": "b412a1d2-0d1c-4336-b20e-82c9ac447ec9-attachment.png", "type": "image/png"}, {"name": "Admin_admin123", "source": "89a277cf-af9c-42dc-8165-5047716e9699-attachment.png", "type": "image/png"}, {"name": "log", "source": "904e662e-0b66-482e-9037-8a46acffcf44-attachment.txt", "type": "text/plain"}], "start": 1691676446208, "stop": 1691676505362, "uuid": "690ee7f8-a1a9-4622-9884-86c993905c3f", "historyId": "e0c99eeb49838e02be9644ebd5c70229", "testCaseId": "e0c99eeb49838e02be9644ebd5c70229", "fullName": "testcases.test_orangehrm_login.Test_Orangehrm_Login#test_orangehrm_login_02", "labels": [{"name": "parentSuite", "value": "testcases"}, {"name": "suite", "value": "test_orangehrm_login"}, {"name": "subSuite", "value": "Test_Orangehrm_Login"}, {"name": "host", "value": "DESKTOP-3IIDO4U"}, {"name": "thread", "value": "520-MainThread"}, {"name": "framework", "value": "pytest"}, {"name": "language", "value": "cpython3"}, {"name": "package", "value": "testcases.test_orangehrm_login"}]}