<!DOCTYPE html>
<html>
  <head>
    <meta charset="utf-8"/>
    <title>orangehrm_test_cases.html</title>
    <link href="assets/style.css" rel="stylesheet" type="text/css"/></head>
  <body onLoad="init()">
    <script>/* This Source Code Form is subject to the terms of the Mozilla Public
 * License, v. 2.0. If a copy of the MPL was not distributed with this file,
 * You can obtain one at http://mozilla.org/MPL/2.0/. */


function toArray(iter) {
    if (iter === null) {
        return null;
    }
    return Array.prototype.slice.call(iter);
}

function find(selector, elem) { // eslint-disable-line no-redeclare
    if (!elem) {
        elem = document;
    }
    return elem.querySelector(selector);
}

function findAll(selector, elem) {
    if (!elem) {
        elem = document;
    }
    return toArray(elem.querySelectorAll(selector));
}

function sortColumn(elem) {
    toggleSortStates(elem);
    const colIndex = toArray(elem.parentNode.childNodes).indexOf(elem);
    let key;
    if (elem.classList.contains('result')) {
        key = keyResult;
    } else if (elem.classList.contains('links')) {
        key = keyLink;
    } else {
        key = keyAlpha;
    }
    sortTable(elem, key(colIndex));
}

function showAllExtras() { // eslint-disable-line no-unused-vars
    findAll('.col-result').forEach(showExtras);
}

function hideAllExtras() { // eslint-disable-line no-unused-vars
    findAll('.col-result').forEach(hideExtras);
}

function showExtras(colresultElem) {
    const extras = colresultElem.parentNode.nextElementSibling;
    const expandcollapse = colresultElem.firstElementChild;
    extras.classList.remove('collapsed');
    expandcollapse.classList.remove('expander');
    expandcollapse.classList.add('collapser');
}

function hideExtras(colresultElem) {
    const extras = colresultElem.parentNode.nextElementSibling;
    const expandcollapse = colresultElem.firstElementChild;
    extras.classList.add('collapsed');
    expandcollapse.classList.remove('collapser');
    expandcollapse.classList.add('expander');
}

function showFilters() {
    let visibleString = getQueryParameter('visible') || 'all';
    visibleString = visibleString.toLowerCase();
    const checkedItems = visibleString.split(',');

    const filterItems = document.getElementsByClassName('filter');
    for (let i = 0; i < filterItems.length; i++) {
        filterItems[i].hidden = false;

        if (visibleString != 'all') {
            filterItems[i].checked = checkedItems.includes(filterItems[i].getAttribute('data-test-result'));
            filterTable(filterItems[i]);
        }
    }
}

function addCollapse() {
    // Add links for show/hide all
    const resulttable = find('table#results-table');
    const showhideall = document.createElement('p');
    showhideall.innerHTML = '<a href="javascript:showAllExtras()">Show all details</a> / ' +
                            '<a href="javascript:hideAllExtras()">Hide all details</a>';
    resulttable.parentElement.insertBefore(showhideall, resulttable);

    // Add show/hide link to each result
    findAll('.col-result').forEach(function(elem) {
        const collapsed = getQueryParameter('collapsed') || 'Passed';
        const extras = elem.parentNode.nextElementSibling;
        const expandcollapse = document.createElement('span');
        if (extras.classList.contains('collapsed')) {
            expandcollapse.classList.add('expander');
        } else if (collapsed.includes(elem.innerHTML)) {
            extras.classList.add('collapsed');
            expandcollapse.classList.add('expander');
        } else {
            expandcollapse.classList.add('collapser');
        }
        elem.appendChild(expandcollapse);

        elem.addEventListener('click', function(event) {
            if (event.currentTarget.parentNode.nextElementSibling.classList.contains('collapsed')) {
                showExtras(event.currentTarget);
            } else {
                hideExtras(event.currentTarget);
            }
        });
    });
}

function getQueryParameter(name) {
    const match = RegExp('[?&]' + name + '=([^&]*)').exec(window.location.search);
    return match && decodeURIComponent(match[1].replace(/\+/g, ' '));
}

function init () { // eslint-disable-line no-unused-vars
    resetSortHeaders();

    addCollapse();

    showFilters();

    sortColumn(find('.initial-sort'));

    findAll('.sortable').forEach(function(elem) {
        elem.addEventListener('click',
            function() {
                sortColumn(elem);
            }, false);
    });
}

function sortTable(clicked, keyFunc) {
    const rows = findAll('.results-table-row');
    const reversed = !clicked.classList.contains('asc');
    const sortedRows = sort(rows, keyFunc, reversed);
    /* Whole table is removed here because browsers acts much slower
     * when appending existing elements.
     */
    const thead = document.getElementById('results-table-head');
    document.getElementById('results-table').remove();
    const parent = document.createElement('table');
    parent.id = 'results-table';
    parent.appendChild(thead);
    sortedRows.forEach(function(elem) {
        parent.appendChild(elem);
    });
    document.getElementsByTagName('BODY')[0].appendChild(parent);
}

function sort(items, keyFunc, reversed) {
    const sortArray = items.map(function(item, i) {
        return [keyFunc(item), i];
    });

    sortArray.sort(function(a, b) {
        const keyA = a[0];
        const keyB = b[0];

        if (keyA == keyB) return 0;

        if (reversed) {
            return keyA < keyB ? 1 : -1;
        } else {
            return keyA > keyB ? 1 : -1;
        }
    });

    return sortArray.map(function(item) {
        const index = item[1];
        return items[index];
    });
}

function keyAlpha(colIndex) {
    return function(elem) {
        return elem.childNodes[1].childNodes[colIndex].firstChild.data.toLowerCase();
    };
}

function keyLink(colIndex) {
    return function(elem) {
        const dataCell = elem.childNodes[1].childNodes[colIndex].firstChild;
        return dataCell == null ? '' : dataCell.innerText.toLowerCase();
    };
}

function keyResult(colIndex) {
    return function(elem) {
        const strings = ['Error', 'Failed', 'Rerun', 'XFailed', 'XPassed',
            'Skipped', 'Passed'];
        return strings.indexOf(elem.childNodes[1].childNodes[colIndex].firstChild.data);
    };
}

function resetSortHeaders() {
    findAll('.sort-icon').forEach(function(elem) {
        elem.parentNode.removeChild(elem);
    });
    findAll('.sortable').forEach(function(elem) {
        const icon = document.createElement('div');
        icon.className = 'sort-icon';
        icon.textContent = 'vvv';
        elem.insertBefore(icon, elem.firstChild);
        elem.classList.remove('desc', 'active');
        elem.classList.add('asc', 'inactive');
    });
}

function toggleSortStates(elem) {
    //if active, toggle between asc and desc
    if (elem.classList.contains('active')) {
        elem.classList.toggle('asc');
        elem.classList.toggle('desc');
    }

    //if inactive, reset all other functions and add ascending active
    if (elem.classList.contains('inactive')) {
        resetSortHeaders();
        elem.classList.remove('inactive');
        elem.classList.add('active');
    }
}

function isAllRowsHidden(value) {
    return value.hidden == false;
}

function filterTable(elem) { // eslint-disable-line no-unused-vars
    const outcomeAtt = 'data-test-result';
    const outcome = elem.getAttribute(outcomeAtt);
    const classOutcome = outcome + ' results-table-row';
    const outcomeRows = document.getElementsByClassName(classOutcome);

    for(let i = 0; i < outcomeRows.length; i++){
        outcomeRows[i].hidden = !elem.checked;
    }

    const rows = findAll('.results-table-row').filter(isAllRowsHidden);
    const allRowsHidden = rows.length == 0 ? true : false;
    const notFoundMessage = document.getElementById('not-found-message');
    notFoundMessage.hidden = !allRowsHidden;
}
</script>
    <h1>orangehrm_test_cases.html</h1>
    <p>Report generated on 10-Aug-2023 at 22:23:02 by <a href="https://pypi.python.org/pypi/pytest-html">pytest-html</a> v3.2.0</p>
    <h2>Environment</h2>
    <table id="environment">
      <tr>
        <td>Packages</td>
        <td>{"pluggy": "1.2.0", "pytest": "7.4.0"}</td></tr>
      <tr>
        <td>Platform</td>
        <td>Windows-10-10.0.19045-SP0</td></tr>
      <tr>
        <td>Plugins</td>
        <td>{"allure-pytest": "2.13.2", "html": "3.2.0", "metadata": "2.0.4", "xdist": "3.3.1"}</td></tr>
      <tr>
        <td>Python</td>
        <td>3.11.4</td></tr></table>
    <h2>Summary</h2>
    <p>8 tests ran in 177.40 seconds. </p>
    <p class="filter" hidden="true">(Un)check the boxes to filter the results.</p><input checked="true" class="filter" data-test-result="passed" hidden="true" name="filter_checkbox" onChange="filterTable(this)" type="checkbox"/><span class="passed">4 passed</span>, <input checked="true" class="filter" data-test-result="skipped" disabled="true" hidden="true" name="filter_checkbox" onChange="filterTable(this)" type="checkbox"/><span class="skipped">0 skipped</span>, <input checked="true" class="filter" data-test-result="failed" hidden="true" name="filter_checkbox" onChange="filterTable(this)" type="checkbox"/><span class="failed">4 failed</span>, <input checked="true" class="filter" data-test-result="error" disabled="true" hidden="true" name="filter_checkbox" onChange="filterTable(this)" type="checkbox"/><span class="error">0 errors</span>, <input checked="true" class="filter" data-test-result="xfailed" disabled="true" hidden="true" name="filter_checkbox" onChange="filterTable(this)" type="checkbox"/><span class="xfailed">0 expected failures</span>, <input checked="true" class="filter" data-test-result="xpassed" disabled="true" hidden="true" name="filter_checkbox" onChange="filterTable(this)" type="checkbox"/><span class="xpassed">0 unexpected passes</span>
    <h2>Results</h2>
    <table id="results-table">
      <thead id="results-table-head">
        <tr>
          <th class="sortable result initial-sort" col="result">Result</th>
          <th class="sortable" col="name">Test</th>
          <th class="sortable" col="duration">Duration</th>
          <th class="sortable links" col="links">Links</th></tr>
        <tr hidden="true" id="not-found-message">
          <th colspan="4">No results found. Try to check the filters</th></tr></thead>
      <tbody class="failed results-table-row">
        <tr>
          <td class="col-result">Failed</td>
          <td class="col-name">testcases/test_orangehrm_login.py::Test_Orangehrm_Login::test_orangehrm_login_parameterized[get_data_for_login0]</td>
          <td class="col-duration">39.92</td>
          <td class="col-links"></td></tr>
        <tr>
          <td class="extra" colspan="4">
            <div class="log">[gw1] win32 -- Python 3.11.4 C:\Users\Admin\AppData\Local\Programs\Python\Python311\python.exe<br/>[gw1] win32 -- Python 3.11.4 C:\Users\Admin\AppData\Local\Programs\Python\Python311\python.exe[gw1] win32 -- Python 3.11.4 C:\Users\Admin\AppData\Local\Programs\Python\Python311\python.exe<br/><br/>self = &lt;testcases.test_orangehrm_login.Test_Orangehrm_Login object at 0x000002A55502F210&gt;<br/>setup = &lt;selenium.webdriver.chrome.webdriver.WebDriver (session=&quot;1126da73125d58e3ee20a574626289b7&quot;)&gt;, get_data_for_login = (&#x27;Admin123&#x27;, &#x27;admin123&#x27;)<br/><br/>    @allure.severity(allure.severity_level.NORMAL)<br/>    @allure.link(&quot;https://opensource-demo.orangehrmlive.com/web/index.php/auth/login&quot;)<br/>    @allure.title(&quot;OrangeHRM Login By Parametrized method Test Case&quot;)<br/>    @allure.issue(&quot;ABC123&quot;)<br/>    @allure.story(&quot;This is story 4&quot;)<br/>    # @pytest.mark.only<br/>    def test_orangehrm_login_parameterized(self, setup, get_data_for_login):<br/>        self.driver = setup<br/>        self.log.info(&quot;Open browser&quot;)<br/>        self.olp = Orangehrm_Login(self.driver)<br/>        self.olp.Enter_Username(get_data_for_login[0])<br/>        self.log.info(f&quot;enter username: {get_data_for_login[0]}&quot;)<br/>        self.olp.Enter_password(get_data_for_login[1])<br/>        self.log.info(f&quot;Enter password: {get_data_for_login[1]}&quot;)<br/>        self.olp.Login_Button()<br/>        self.log.info(&quot;click login button&quot;)<br/>        time.sleep(2)<br/>    <br/>        if self.olp.Login_Status()==True:<br/>            time.sleep(2)<br/>            allure.attach(self.driver.get_screenshot_as_png(), name=f&quot;{get_data_for_login[0]}_{get_data_for_login[1]}&quot;,<br/>                          attachment_type=AttachmentType.PNG)<br/>            assert True<br/>    <br/>        elif self.olp.Login_Status()==False:<br/>            allure.attach(self.driver.get_screenshot_as_png(), name=f&quot;{get_data_for_login[0]}_{get_data_for_login[1]}&quot;,<br/>                          attachment_type=AttachmentType.PNG)<br/>&gt;           assert False<br/><span class="error">E           assert False</span><br/><br/>testcases\test_orangehrm_login.py:171: AssertionError[gw1] win32 -- Python 3.11.4 C:\Users\Admin\AppData\Local\Programs\Python\Python311\python.exe<br/> -----------------------------Captured stdout setup------------------------------ <br/>launching chrome
<br/> -------------------------------Captured log call-------------------------------- <br/>INFO     Test_Orangehrm_Login:test_orangehrm_login.py:152 Open browser
INFO     Test_Orangehrm_Login:test_orangehrm_login.py:155 enter username: Admin123
INFO     Test_Orangehrm_Login:test_orangehrm_login.py:157 Enter password: admin123
INFO     Test_Orangehrm_Login:test_orangehrm_login.py:159 click login button<br/></div></td></tr></tbody>
      <tbody class="failed results-table-row">
        <tr>
          <td class="col-result">Failed</td>
          <td class="col-name">testcases/test_orangehrm_login.py::Test_Orangehrm_Login::test_orangehrm_login_parameterized[get_data_for_login2]</td>
          <td class="col-duration">34.20</td>
          <td class="col-links"></td></tr>
        <tr>
          <td class="extra" colspan="4">
            <div class="log">[gw1] win32 -- Python 3.11.4 C:\Users\Admin\AppData\Local\Programs\Python\Python311\python.exe<br/>[gw1] win32 -- Python 3.11.4 C:\Users\Admin\AppData\Local\Programs\Python\Python311\python.exe[gw1] win32 -- Python 3.11.4 C:\Users\Admin\AppData\Local\Programs\Python\Python311\python.exe<br/><br/>self = &lt;testcases.test_orangehrm_login.Test_Orangehrm_Login object at 0x000002A55502FC90&gt;<br/>setup = &lt;selenium.webdriver.chrome.webdriver.WebDriver (session=&quot;3544b2d2feb30a6b9c91a5629374f149&quot;)&gt;, get_data_for_login = (&#x27;Admino&#x27;, &#x27;admin12345&#x27;)<br/><br/>    @allure.severity(allure.severity_level.NORMAL)<br/>    @allure.link(&quot;https://opensource-demo.orangehrmlive.com/web/index.php/auth/login&quot;)<br/>    @allure.title(&quot;OrangeHRM Login By Parametrized method Test Case&quot;)<br/>    @allure.issue(&quot;ABC123&quot;)<br/>    @allure.story(&quot;This is story 4&quot;)<br/>    # @pytest.mark.only<br/>    def test_orangehrm_login_parameterized(self, setup, get_data_for_login):<br/>        self.driver = setup<br/>        self.log.info(&quot;Open browser&quot;)<br/>        self.olp = Orangehrm_Login(self.driver)<br/>        self.olp.Enter_Username(get_data_for_login[0])<br/>        self.log.info(f&quot;enter username: {get_data_for_login[0]}&quot;)<br/>        self.olp.Enter_password(get_data_for_login[1])<br/>        self.log.info(f&quot;Enter password: {get_data_for_login[1]}&quot;)<br/>        self.olp.Login_Button()<br/>        self.log.info(&quot;click login button&quot;)<br/>        time.sleep(2)<br/>    <br/>        if self.olp.Login_Status()==True:<br/>            time.sleep(2)<br/>            allure.attach(self.driver.get_screenshot_as_png(), name=f&quot;{get_data_for_login[0]}_{get_data_for_login[1]}&quot;,<br/>                          attachment_type=AttachmentType.PNG)<br/>            assert True<br/>    <br/>        elif self.olp.Login_Status()==False:<br/>            allure.attach(self.driver.get_screenshot_as_png(), name=f&quot;{get_data_for_login[0]}_{get_data_for_login[1]}&quot;,<br/>                          attachment_type=AttachmentType.PNG)<br/>&gt;           assert False<br/><span class="error">E           assert False</span><br/><br/>testcases\test_orangehrm_login.py:171: AssertionError[gw1] win32 -- Python 3.11.4 C:\Users\Admin\AppData\Local\Programs\Python\Python311\python.exe<br/> -----------------------------Captured stdout setup------------------------------ <br/>launching chrome
<br/> -------------------------------Captured log call-------------------------------- <br/>INFO     Test_Orangehrm_Login:test_orangehrm_login.py:152 Open browser
INFO     Test_Orangehrm_Login:test_orangehrm_login.py:155 enter username: Admino
INFO     Test_Orangehrm_Login:test_orangehrm_login.py:157 Enter password: admin12345
INFO     Test_Orangehrm_Login:test_orangehrm_login.py:159 click login button<br/></div></td></tr></tbody>
      <tbody class="failed results-table-row">
        <tr>
          <td class="col-result">Failed</td>
          <td class="col-name">testcases/test_orangehrm_login.py::Test_Orangehrm_Login::test_orangehrm_login_parameterized[get_data_for_login1]</td>
          <td class="col-duration">27.77</td>
          <td class="col-links"></td></tr>
        <tr>
          <td class="extra" colspan="4">
            <div class="log">[gw0] win32 -- Python 3.11.4 C:\Users\Admin\AppData\Local\Programs\Python\Python311\python.exe<br/>[gw0] win32 -- Python 3.11.4 C:\Users\Admin\AppData\Local\Programs\Python\Python311\python.exe[gw0] win32 -- Python 3.11.4 C:\Users\Admin\AppData\Local\Programs\Python\Python311\python.exe<br/><br/>self = &lt;testcases.test_orangehrm_login.Test_Orangehrm_Login object at 0x0000025CCA69E410&gt;<br/>setup = &lt;selenium.webdriver.chrome.webdriver.WebDriver (session=&quot;35d1feab20dd3fd10ded7f40de95082a&quot;)&gt;, get_data_for_login = (&#x27;Admi&#x27;, &#x27;admin123&#x27;)<br/><br/>    @allure.severity(allure.severity_level.NORMAL)<br/>    @allure.link(&quot;https://opensource-demo.orangehrmlive.com/web/index.php/auth/login&quot;)<br/>    @allure.title(&quot;OrangeHRM Login By Parametrized method Test Case&quot;)<br/>    @allure.issue(&quot;ABC123&quot;)<br/>    @allure.story(&quot;This is story 4&quot;)<br/>    # @pytest.mark.only<br/>    def test_orangehrm_login_parameterized(self, setup, get_data_for_login):<br/>        self.driver = setup<br/>        self.log.info(&quot;Open browser&quot;)<br/>        self.olp = Orangehrm_Login(self.driver)<br/>        self.olp.Enter_Username(get_data_for_login[0])<br/>        self.log.info(f&quot;enter username: {get_data_for_login[0]}&quot;)<br/>        self.olp.Enter_password(get_data_for_login[1])<br/>        self.log.info(f&quot;Enter password: {get_data_for_login[1]}&quot;)<br/>        self.olp.Login_Button()<br/>        self.log.info(&quot;click login button&quot;)<br/>        time.sleep(2)<br/>    <br/>        if self.olp.Login_Status()==True:<br/>            time.sleep(2)<br/>            allure.attach(self.driver.get_screenshot_as_png(), name=f&quot;{get_data_for_login[0]}_{get_data_for_login[1]}&quot;,<br/>                          attachment_type=AttachmentType.PNG)<br/>            assert True<br/>    <br/>        elif self.olp.Login_Status()==False:<br/>            allure.attach(self.driver.get_screenshot_as_png(), name=f&quot;{get_data_for_login[0]}_{get_data_for_login[1]}&quot;,<br/>                          attachment_type=AttachmentType.PNG)<br/>&gt;           assert False<br/><span class="error">E           assert False</span><br/><br/>testcases\test_orangehrm_login.py:171: AssertionError[gw0] win32 -- Python 3.11.4 C:\Users\Admin\AppData\Local\Programs\Python\Python311\python.exe<br/> -----------------------------Captured stdout setup------------------------------ <br/>launching chrome
<br/> -------------------------------Captured log call-------------------------------- <br/>INFO     Test_Orangehrm_Login:test_orangehrm_login.py:152 Open browser
INFO     Test_Orangehrm_Login:test_orangehrm_login.py:155 enter username: Admi
INFO     Test_Orangehrm_Login:test_orangehrm_login.py:157 Enter password: admin123
INFO     Test_Orangehrm_Login:test_orangehrm_login.py:159 click login button<br/></div></td></tr></tbody>
      <tbody class="failed results-table-row">
        <tr>
          <td class="col-result">Failed</td>
          <td class="col-name">testcases/test_orangehrm_login.py::Test_Orangehrm_Login::test_orangehrm_login_parameterized[get_data_for_login4]</td>
          <td class="col-duration">26.06</td>
          <td class="col-links"></td></tr>
        <tr>
          <td class="extra" colspan="4">
            <div class="log">[gw1] win32 -- Python 3.11.4 C:\Users\Admin\AppData\Local\Programs\Python\Python311\python.exe<br/>[gw1] win32 -- Python 3.11.4 C:\Users\Admin\AppData\Local\Programs\Python\Python311\python.exe[gw1] win32 -- Python 3.11.4 C:\Users\Admin\AppData\Local\Programs\Python\Python311\python.exe<br/><br/>self = &lt;testcases.test_orangehrm_login.Test_Orangehrm_Login object at 0x000002A55504C250&gt;<br/>setup = &lt;selenium.webdriver.chrome.webdriver.WebDriver (session=&quot;485e83fc884e08b0f2f8043e722bd67d&quot;)&gt;, get_data_for_login = (&#x27;Alladin&#x27;, &#x27;abu&#x27;)<br/><br/>    @allure.severity(allure.severity_level.NORMAL)<br/>    @allure.link(&quot;https://opensource-demo.orangehrmlive.com/web/index.php/auth/login&quot;)<br/>    @allure.title(&quot;OrangeHRM Login By Parametrized method Test Case&quot;)<br/>    @allure.issue(&quot;ABC123&quot;)<br/>    @allure.story(&quot;This is story 4&quot;)<br/>    # @pytest.mark.only<br/>    def test_orangehrm_login_parameterized(self, setup, get_data_for_login):<br/>        self.driver = setup<br/>        self.log.info(&quot;Open browser&quot;)<br/>        self.olp = Orangehrm_Login(self.driver)<br/>        self.olp.Enter_Username(get_data_for_login[0])<br/>        self.log.info(f&quot;enter username: {get_data_for_login[0]}&quot;)<br/>        self.olp.Enter_password(get_data_for_login[1])<br/>        self.log.info(f&quot;Enter password: {get_data_for_login[1]}&quot;)<br/>        self.olp.Login_Button()<br/>        self.log.info(&quot;click login button&quot;)<br/>        time.sleep(2)<br/>    <br/>        if self.olp.Login_Status()==True:<br/>            time.sleep(2)<br/>            allure.attach(self.driver.get_screenshot_as_png(), name=f&quot;{get_data_for_login[0]}_{get_data_for_login[1]}&quot;,<br/>                          attachment_type=AttachmentType.PNG)<br/>            assert True<br/>    <br/>        elif self.olp.Login_Status()==False:<br/>            allure.attach(self.driver.get_screenshot_as_png(), name=f&quot;{get_data_for_login[0]}_{get_data_for_login[1]}&quot;,<br/>                          attachment_type=AttachmentType.PNG)<br/>&gt;           assert False<br/><span class="error">E           assert False</span><br/><br/>testcases\test_orangehrm_login.py:171: AssertionError[gw1] win32 -- Python 3.11.4 C:\Users\Admin\AppData\Local\Programs\Python\Python311\python.exe<br/> -----------------------------Captured stdout setup------------------------------ <br/>launching chrome
<br/> -------------------------------Captured log call-------------------------------- <br/>INFO     Test_Orangehrm_Login:test_orangehrm_login.py:152 Open browser
INFO     Test_Orangehrm_Login:test_orangehrm_login.py:155 enter username: Alladin
INFO     Test_Orangehrm_Login:test_orangehrm_login.py:157 Enter password: abu
INFO     Test_Orangehrm_Login:test_orangehrm_login.py:159 click login button<br/></div></td></tr></tbody>
      <tbody class="passed results-table-row">
        <tr>
          <td class="col-result">Passed</td>
          <td class="col-name">testcases/test_orangehrm_login.py::Test_Orangehrm_Login::test_orangehrm_login_by_configuration</td>
          <td class="col-duration">40.63</td>
          <td class="col-links"></td></tr>
        <tr>
          <td class="extra" colspan="4">
            <div class="log">[gw1] win32 -- Python 3.11.4 C:\Users\Admin\AppData\Local\Programs\Python\Python311\python.exe<br/>[gw1] win32 -- Python 3.11.4 C:\Users\Admin\AppData\Local\Programs\Python\Python311\python.exe[gw1] win32 -- Python 3.11.4 C:\Users\Admin\AppData\Local\Programs\Python\Python311\python.exe[gw1] win32 -- Python 3.11.4 C:\Users\Admin\AppData\Local\Programs\Python\Python311\python.exe<br/> -----------------------------Captured stdout setup------------------------------ <br/>launching chrome
<br/> -------------------------------Captured log call-------------------------------- <br/>INFO     Test_Orangehrm_Login:test_orangehrm_login.py:120 Open browser
INFO     Test_Orangehrm_Login:test_orangehrm_login.py:123 enter username: Admin
INFO     Test_Orangehrm_Login:test_orangehrm_login.py:125 Enter password: admin123
INFO     Test_Orangehrm_Login:test_orangehrm_login.py:127 click login button
INFO     Test_Orangehrm_Login:test_orangehrm_login.py:135 Click on menu button
INFO     Test_Orangehrm_Login:test_orangehrm_login.py:137 Click sign-out<br/></div></td></tr></tbody>
      <tbody class="passed results-table-row">
        <tr>
          <td class="col-result">Passed</td>
          <td class="col-name">testcases/test_orangehrm_login.py::Test_Orangehrm_Login::test_orangehrm_title_01</td>
          <td class="col-duration">28.27</td>
          <td class="col-links"></td></tr>
        <tr>
          <td class="extra" colspan="4">
            <div class="log">[gw0] win32 -- Python 3.11.4 C:\Users\Admin\AppData\Local\Programs\Python\Python311\python.exe<br/>[gw0] win32 -- Python 3.11.4 C:\Users\Admin\AppData\Local\Programs\Python\Python311\python.exe[gw0] win32 -- Python 3.11.4 C:\Users\Admin\AppData\Local\Programs\Python\Python311\python.exe[gw0] win32 -- Python 3.11.4 C:\Users\Admin\AppData\Local\Programs\Python\Python311\python.exe<br/> -----------------------------Captured stdout setup------------------------------ <br/>launching chrome
<br/> -------------------------------Captured log call-------------------------------- <br/>INFO     Test_Orangehrm_Login:test_orangehrm_login.py:29 Taking screenshot
INFO     Test_Orangehrm_Login:test_orangehrm_login.py:32 Tile test case is passed<br/></div></td></tr></tbody>
      <tbody class="passed results-table-row">
        <tr>
          <td class="col-result">Passed</td>
          <td class="col-name">testcases/test_orangehrm_login.py::Test_Orangehrm_Login::test_orangehrm_login_02</td>
          <td class="col-duration">91.76</td>
          <td class="col-links"></td></tr>
        <tr>
          <td class="extra" colspan="4">
            <div class="log">[gw0] win32 -- Python 3.11.4 C:\Users\Admin\AppData\Local\Programs\Python\Python311\python.exe<br/>[gw0] win32 -- Python 3.11.4 C:\Users\Admin\AppData\Local\Programs\Python\Python311\python.exe[gw0] win32 -- Python 3.11.4 C:\Users\Admin\AppData\Local\Programs\Python\Python311\python.exe[gw0] win32 -- Python 3.11.4 C:\Users\Admin\AppData\Local\Programs\Python\Python311\python.exe<br/> -----------------------------Captured stdout setup------------------------------ <br/>launching chrome
<br/> ------------------------------Captured stdout call------------------------------ <br/>[&#x27;pass&#x27;, &#x27;pass&#x27;, &#x27;pass&#x27;, &#x27;pass&#x27;, &#x27;pass&#x27;]
<br/> -------------------------------Captured log call-------------------------------- <br/>INFO     Test_Orangehrm_Login:test_orangehrm_login.py:52 Opening browser

INFO     Test_Orangehrm_Login:test_orangehrm_login.py:61 enter username: Admin123
INFO     Test_Orangehrm_Login:test_orangehrm_login.py:63 Enter password: admin123
INFO     Test_Orangehrm_Login:test_orangehrm_login.py:65 click login button
INFO     Test_Orangehrm_Login:test_orangehrm_login.py:99 case is passed
INFO     Test_Orangehrm_Login:test_orangehrm_login.py:61 enter username: Admi
INFO     Test_Orangehrm_Login:test_orangehrm_login.py:63 Enter password: admin123
INFO     Test_Orangehrm_Login:test_orangehrm_login.py:65 click login button
INFO     Test_Orangehrm_Login:test_orangehrm_login.py:99 case is passed
INFO     Test_Orangehrm_Login:test_orangehrm_login.py:61 enter username: Admino
INFO     Test_Orangehrm_Login:test_orangehrm_login.py:63 Enter password: admin12345
INFO     Test_Orangehrm_Login:test_orangehrm_login.py:65 click login button
INFO     Test_Orangehrm_Login:test_orangehrm_login.py:99 case is passed
INFO     Test_Orangehrm_Login:test_orangehrm_login.py:61 enter username: Admin
INFO     Test_Orangehrm_Login:test_orangehrm_login.py:63 Enter password: admin123
INFO     Test_Orangehrm_Login:test_orangehrm_login.py:65 click login button
INFO     Test_Orangehrm_Login:test_orangehrm_login.py:69 case is passed
INFO     Test_Orangehrm_Login:test_orangehrm_login.py:75 Click on menu button
INFO     Test_Orangehrm_Login:test_orangehrm_login.py:77 Click on sign out
INFO     Test_Orangehrm_Login:test_orangehrm_login.py:61 enter username: Alladin
INFO     Test_Orangehrm_Login:test_orangehrm_login.py:63 Enter password: abu
INFO     Test_Orangehrm_Login:test_orangehrm_login.py:65 click login button
INFO     Test_Orangehrm_Login:test_orangehrm_login.py:99 case is passed
INFO     Test_Orangehrm_Login:test_orangehrm_login.py:106 Data derive testing is passed<br/></div></td></tr></tbody>
      <tbody class="passed results-table-row">
        <tr>
          <td class="col-result">Passed</td>
          <td class="col-name">testcases/test_orangehrm_login.py::Test_Orangehrm_Login::test_orangehrm_login_parameterized[get_data_for_login3]</td>
          <td class="col-duration">24.63</td>
          <td class="col-links"></td></tr>
        <tr>
          <td class="extra" colspan="4">
            <div class="log">[gw1] win32 -- Python 3.11.4 C:\Users\Admin\AppData\Local\Programs\Python\Python311\python.exe<br/>[gw1] win32 -- Python 3.11.4 C:\Users\Admin\AppData\Local\Programs\Python\Python311\python.exe[gw1] win32 -- Python 3.11.4 C:\Users\Admin\AppData\Local\Programs\Python\Python311\python.exe[gw1] win32 -- Python 3.11.4 C:\Users\Admin\AppData\Local\Programs\Python\Python311\python.exe<br/> -----------------------------Captured stdout setup------------------------------ <br/>launching chrome
<br/> -------------------------------Captured log call-------------------------------- <br/>INFO     Test_Orangehrm_Login:test_orangehrm_login.py:152 Open browser
INFO     Test_Orangehrm_Login:test_orangehrm_login.py:155 enter username: Admin
INFO     Test_Orangehrm_Login:test_orangehrm_login.py:157 Enter password: admin123
INFO     Test_Orangehrm_Login:test_orangehrm_login.py:159 click login button<br/></div></td></tr></tbody></table></body></html>